@I [HLS-0] Workspace C:/Users/vince/Desktop/Zynq_Stuff/Multiplication_Matrix/mul_matrix/solution1 opened at Sat Feb 04 12:21:47 +0100 2017
@I [HLS-100] Command "config_clock -quiet -name default -period 10 -default=false "
@I [SYN-201] Setting up clock 'default' with a period of 10ns.
@I [HLS-100] Command 'config_clock' returned 0; elapsed 0Total elapsed time: 0.668 sec.
@I [HLS-100] Command "open_platform DefaultPlatform "
@I [HLS-100] Command 'open_platform' returned 0; elapsed 0Total elapsed time: 0.668 sec.
@I [HLS-100] Command "import_lib C:/Vivado/Vivado_HLS/2016.2/common/technology/xilinx/zynq/zynq "
@I [HLS-100] Command "source C:/Vivado/Vivado_HLS/2016.2/common/technology/xilinx/common/xilinx.lib "
@I [HLS-100] Command "source C:/Vivado/Vivado_HLS/2016.2/common/technology/xilinx/interface/xilinx_interface.lib "
@I [HLS-100] Command "source C:/Vivado/Vivado_HLS/2016.2/common/technology/xilinx/interface/plb46.lib "
@I [HLS-100] Command 'ap_source' returned 0; elapsed 0Total elapsed time: 0.672 sec.
@I [HLS-100] Command "source C:/Vivado/Vivado_HLS/2016.2/common/technology/xilinx/interface/fsl.lib "
@I [HLS-100] Command 'ap_source' returned 0; elapsed 0Total elapsed time: 0.672 sec.
@I [HLS-100] Command "source C:/Vivado/Vivado_HLS/2016.2/common/technology/xilinx/interface/axi4.lib "
@I [HLS-100] Command 'ap_source' returned 0; elapsed 0Total elapsed time: 0.672 sec.
@I [HLS-100] Command "source C:/Vivado/Vivado_HLS/2016.2/common/technology/xilinx/interface/maxi.lib "
@I [HLS-100] Command 'ap_source' returned 0; elapsed 0Total elapsed time: 0.672 sec.
@I [HLS-100] Command "source C:/Vivado/Vivado_HLS/2016.2/common/technology/xilinx/interface/saxilite.lib "
@I [HLS-100] Command 'ap_source' returned 0; elapsed 0Total elapsed time: 0.672 sec.
@I [HLS-100] Command 'ap_source' returned 0; elapsed 0Total elapsed time: 0.672 sec.
@I [HLS-100] Command "source C:/Vivado/Vivado_HLS/2016.2/common/technology/xilinx/common/dsp48.lib "
@I [HLS-100] Command 'ap_source' returned 0; elapsed 0Total elapsed time: 0.672 sec.
@I [HLS-100] Command "source C:/Vivado/Vivado_HLS/2016.2/common/technology/xilinx/ip/dds_compiler.lib "
@I [HLS-100] Command 'ap_source' returned 0; elapsed 0.004Total elapsed time: 0.676 sec.
@I [HLS-100] Command "source C:/Vivado/Vivado_HLS/2016.2/common/technology/xilinx/ip/xfft.lib "
@I [HLS-100] Command 'ap_source' returned 0; elapsed 0Total elapsed time: 0.676 sec.
@I [HLS-100] Command "source C:/Vivado/Vivado_HLS/2016.2/common/technology/xilinx/ip/xfir.lib "
@I [HLS-100] Command 'ap_source' returned 0; elapsed 0Total elapsed time: 0.676 sec.
@I [HLS-100] Command 'ap_source' returned 0; elapsed 0.004Total elapsed time: 0.676 sec.
@I [HLS-100] Command "source C:/Vivado/Vivado_HLS/2016.2/common/technology/xilinx/common/xilinx_old.lib "
@I [HLS-100] Command 'ap_source' returned 0; elapsed 0Total elapsed time: 0.676 sec.
@I [HLS-100] Command "source C:/Vivado/Vivado_HLS/2016.2/common/technology/xilinx/common/xilinx_vivado.lib "
@I [HLS-100] Command 'ap_source' returned 0; elapsed 0.004Total elapsed time: 0.680 sec.
@I [HLS-100] Command "source C:/Vivado/Vivado_HLS/2016.2/common/technology/xilinx/common/xilinx.hlp "
@I [HLS-100] Command "source C:/Vivado/Vivado_HLS/2016.2/common/technology/xilinx/common/target_info.tcl "
@I [HLS-100] Command 'ap_source' returned 0; elapsed 0Total elapsed time: 0.680 sec.
@I [HLS-100] Command "source C:/Vivado/Vivado_HLS/2016.2/common/technology/xilinx/interface/xilinx_interface.hlp "
@I [HLS-100] Command "source C:/Vivado/Vivado_HLS/2016.2/common/technology/xilinx/interface/maxi.hlp "
@I [HLS-100] Command 'ap_source' returned 0; elapsed 0Total elapsed time: 0.684 sec.
@I [HLS-100] Command "source C:/Vivado/Vivado_HLS/2016.2/common/technology/xilinx/interface/saxilite.hlp "
@I [HLS-100] Command 'ap_source' returned 0; elapsed 0Total elapsed time: 0.684 sec.
@I [HLS-100] Command 'ap_source' returned 0; elapsed 0.004Total elapsed time: 0.684 sec.
@I [HLS-100] Command "source C:/Vivado/Vivado_HLS/2016.2/common/technology/xilinx/common/dsp48.hlp "
@I [HLS-100] Command 'ap_source' returned 0; elapsed 0Total elapsed time: 0.684 sec.
@I [HLS-100] Command 'ap_source' returned 0; elapsed 0.004Total elapsed time: 0.684 sec.
@I [HLS-100] Command "source C:/Vivado/Vivado_HLS/2016.2/common/technology/xilinx/zynq/dsp48e1.hlp "
@I [HLS-100] Command 'ap_source' returned 0; elapsed 0Total elapsed time: 0.684 sec.
@I [HLS-100] Command "get_default_platform "
@I [HLS-100] Command 'get_default_platform' returned 0; elapsed 0Total elapsed time: 0.684 sec.
@I [HLS-100] Command "config_chip_info -quiet -resource  {SLICE 13300}  {LUT 53200}     {FF 106400} {DSP48E 220}   {BRAM 280}  "
@I [HLS-100] Command 'config_chip_info' returned 0; elapsed 0Total elapsed time: 0.684 sec.
@I [HLS-100] Command "config_chip_info -quiet -speed medium "
@I [HLS-100] Command 'config_chip_info' returned 0; elapsed 0Total elapsed time: 0.688 sec.
@I [HLS-100] Command 'import_lib' returned 0; elapsed 0.016Total elapsed time: 0.688 sec.
@I [HLS-100] Command "source C:/Vivado/Vivado_HLS/2016.2/common/technology/xilinx/zynq/zynq.gen "
@I [HLS-100] Command "source C:/Vivado/Vivado_HLS/2016.2/common/technology/xilinx/common/virtex.gen "
@I [HLS-100] Command "source C:/Vivado/Vivado_HLS/2016.2/common/technology/xilinx/common/xilinx.gen "
@I [HLS-100] Command "source C:/Vivado/Vivado_HLS/2016.2/common/technology/xilinx/interface/plb46.gen "
@I [HLS-100] Command 'ap_source' returned 0; elapsed 0.004Total elapsed time: 0.692 sec.
@I [HLS-100] Command "source C:/Vivado/Vivado_HLS/2016.2/common/technology/xilinx/interface/fsl.gen "
@I [HLS-100] Command 'ap_source' returned 0; elapsed 0Total elapsed time: 0.692 sec.
@I [HLS-100] Command "source C:/Vivado/Vivado_HLS/2016.2/common/technology/xilinx/interface/axi4.gen "
@I [HLS-100] Command 'ap_source' returned 0; elapsed 0Total elapsed time: 0.692 sec.
@I [HLS-100] Command "source C:/Vivado/Vivado_HLS/2016.2/common/technology/xilinx/interface/nativeAXI4.gen "
@I [HLS-100] Command "source C:/Vivado/Vivado_HLS/2016.2/common/technology/xilinx/interface/saxilite.gen "
@I [HLS-100] Command 'ap_source' returned 0; elapsed 0.004Total elapsed time: 0.696 sec.
@I [HLS-100] Command "source C:/Vivado/Vivado_HLS/2016.2/common/technology/xilinx/interface/maxi.gen "
@I [HLS-100] Command 'ap_source' returned 0; elapsed 0.008Total elapsed time: 0.704 sec.
@I [HLS-100] Command 'ap_source' returned 0; elapsed 0.012Total elapsed time: 0.704 sec.
@I [HLS-100] Command "source C:/Vivado/Vivado_HLS/2016.2/common/technology/xilinx/scripts/xilinxcoregen.gen "
@I [HLS-100] Command 'ap_source' returned 0; elapsed 0.008Total elapsed time: 0.712 sec.
@I [HLS-100] Command "source C:/Vivado/Vivado_HLS/2016.2/common/technology/xilinx/interface/XilEDKCoreGen.gen "
@I [HLS-100] Command 'ap_source' returned 0; elapsed 0.008Total elapsed time: 0.720 sec.
@I [HLS-100] Command "source C:/Vivado/Vivado_HLS/2016.2/common/technology/xilinx/ip/dds_compiler.gen "
@I [HLS-100] Command 'ap_source' returned 0; elapsed 0.004Total elapsed time: 0.728 sec.
@I [HLS-100] Command "source C:/Vivado/Vivado_HLS/2016.2/common/technology/xilinx/ip/util.gen "
@I [HLS-100] Command 'ap_source' returned 0; elapsed 0Total elapsed time: 0.728 sec.
@I [HLS-100] Command "source C:/Vivado/Vivado_HLS/2016.2/common/technology/xilinx/ip/xfft.gen "
@I [HLS-100] Command 'ap_source' returned 0; elapsed 0.092Total elapsed time: 0.820 sec.
@I [HLS-100] Command "source C:/Vivado/Vivado_HLS/2016.2/common/technology/xilinx/ip/xfir.gen "
@I [HLS-100] Command 'ap_source' returned 0; elapsed 0.004Total elapsed time: 0.824 sec.
@I [HLS-100] Command 'ap_source' returned 0; elapsed 0.136Total elapsed time: 0.824 sec.
@I [HLS-100] Command "source C:/Vivado/Vivado_HLS/2016.2/common/technology/xilinx/common/dsp48.gen "
@I [HLS-100] Command 'ap_source' returned 0; elapsed 0Total elapsed time: 0.824 sec.
@I [HLS-100] Command 'ap_source' returned 0; elapsed 0.136Total elapsed time: 0.824 sec.
@I [HLS-100] Command 'ap_source' returned 0; elapsed 0.136Total elapsed time: 0.824 sec.
@I [HLS-100] Command "open_platform DefaultPlatform "
@I [HLS-100] Command 'open_platform' returned 0; elapsed 0Total elapsed time: 0.824 sec.
@I [HLS-100] Command "import_lib C:/Vivado/Vivado_HLS/2016.2/common/technology/xilinx/zynq/zynq_fpv6 "
@I [HLS-100] Command "source C:/Vivado/Vivado_HLS/2016.2/common/technology/xilinx/common/xilinx_fpv7.lib "
@I [HLS-100] Command "source C:/Vivado/Vivado_HLS/2016.2/common/technology/xilinx/common/xilinx_hp.lib "
@I [HLS-100] Command 'ap_source' returned 0; elapsed 0.004Total elapsed time: 0.828 sec.
@I [HLS-100] Command 'ap_source' returned 0; elapsed 0.004Total elapsed time: 0.828 sec.
@I [HLS-100] Command "source C:/Vivado/Vivado_HLS/2016.2/common/technology/xilinx/common/xilinx_fpv.hlp "
@I [HLS-100] Command "source C:/Vivado/Vivado_HLS/2016.2/common/technology/xilinx/common/xilinx.hlp "
@I [HLS-100] Command "source C:/Vivado/Vivado_HLS/2016.2/common/technology/xilinx/common/target_info.tcl "
@I [HLS-100] Command 'ap_source' returned 0; elapsed 0.073Total elapsed time: 0.905 sec.
@I [HLS-100] Command "source C:/Vivado/Vivado_HLS/2016.2/common/technology/xilinx/interface/xilinx_interface.hlp "
@I [HLS-100] Command "source C:/Vivado/Vivado_HLS/2016.2/common/technology/xilinx/interface/maxi.hlp "
@I [HLS-100] Command 'ap_source' returned 0; elapsed 0Total elapsed time: 0.905 sec.
@I [HLS-100] Command "source C:/Vivado/Vivado_HLS/2016.2/common/technology/xilinx/interface/saxilite.hlp "
@I [HLS-100] Command 'ap_source' returned 0; elapsed 0Total elapsed time: 0.905 sec.
@I [HLS-100] Command 'ap_source' returned 0; elapsed 0Total elapsed time: 0.905 sec.
@I [HLS-100] Command "source C:/Vivado/Vivado_HLS/2016.2/common/technology/xilinx/common/dsp48.hlp "
@I [HLS-100] Command 'ap_source' returned 0; elapsed 0Total elapsed time: 0.905 sec.
@I [HLS-100] Command 'ap_source' returned 0; elapsed 0.077Total elapsed time: 0.909 sec.
@I [HLS-100] Command 'ap_source' returned 0; elapsed 0.077Total elapsed time: 0.909 sec.
@I [HLS-100] Command "source C:/Vivado/Vivado_HLS/2016.2/common/technology/xilinx/zynq/zynq_hp.hlp "
@I [HLS-100] Command 'ap_source' returned 0; elapsed 0Total elapsed time: 0.909 sec.
@I [HLS-100] Command 'import_lib' returned 0; elapsed 0.089Total elapsed time: 0.913 sec.
@I [HLS-100] Command "source C:/Vivado/Vivado_HLS/2016.2/common/technology/xilinx/zynq/zynq_fpv6.gen "
@I [HLS-100] Command "source C:/Vivado/Vivado_HLS/2016.2/common/technology/xilinx/common/xilinx_fpv6.gen "
@I [HLS-100] Command 'ap_source' returned 0; elapsed 0Total elapsed time: 0.913 sec.
@I [HLS-100] Command 'ap_source' returned 0; elapsed 0Total elapsed time: 0.913 sec.
@I [HLS-100] Command "set_part xc7z020clg484-1 "
@I [HLS-100] Command "add_library xilinx/zynq/zynq:xc7z020:clg484:-1 "
@I [HLS-100] Command "get_default_platform "
@I [HLS-100] Command 'get_default_platform' returned 0; elapsed 0Total elapsed time: 0.917 sec.
@I [HLS-100] Command "license_isbetapart xc7z020 "
@I [HLS-100] Command 'license_isbetapart' returned 1; elapsed 0.016Total elapsed time: 0.933 sec.
@I [HLS-100] Command "get_default_platform "
@I [HLS-100] Command 'get_default_platform' returned 0; elapsed 0Total elapsed time: 0.933 sec.
@I [HLS-100] Command "config_chip_info -quiet -resource  {SLICE 13300}  {LUT 53200}     {FF 106400} {DSP48E 220}   {BRAM 280}  "
@I [HLS-100] Command 'config_chip_info' returned 0; elapsed 0Total elapsed time: 0.937 sec.
@I [HLS-100] Command "config_chip_info -quiet -speed slow "
@I [HLS-100] Command 'config_chip_info' returned 0; elapsed 0Total elapsed time: 0.937 sec.
@I [HLS-100] Command 'add_library' returned 0; elapsed 0.02Total elapsed time: 0.937 sec.
@I [HLS-100] Command "add_library xilinx/zynq/zynq_fpv6 "
@I [HLS-100] Command "get_default_platform "
@I [HLS-100] Command 'get_default_platform' returned 0; elapsed 0Total elapsed time: 0.941 sec.
@I [HLS-100] Command 'add_library' returned 0; elapsed 0.004Total elapsed time: 0.941 sec.
@I [HLS-10] Setting target device to 'xc7z020clg484-1'
@I [HLS-100] Command 'set_part' returned 0; elapsed 0.028Total elapsed time: 0.941 sec.
@I [HLS-100] Command "get_default_platform "
@I [HLS-100] Command 'get_default_platform' returned 0; elapsed 0Total elapsed time: 0.941 sec.
@I [HLS-100] Command "config_chip_info -quiet -resource  {SLICE 13300}  {LUT 53200}     {FF 106400} {DSP48E 220}   {BRAM 280}  "
@I [HLS-100] Command 'config_chip_info' returned 0; elapsed 0Total elapsed time: 0.941 sec.
@I [HLS-100] Command "config_chip_info -quiet -speed slow "
@I [HLS-100] Command 'config_chip_info' returned 0; elapsed 0Total elapsed time: 0.941 sec.
@I [HLS-100] Command 'open_solution' returned 0; elapsed 0.381Total elapsed time: 0.945 sec.
@I [HLS-100] Command "set_part xc7z020clg484-1 -tool vivado "
@I [HLS-100] Command "add_library xilinx/zynq/zynq:xc7z020:clg484:-1 "
@I [HLS-100] Command "get_default_platform "
@I [HLS-100] Command 'get_default_platform' returned 0; elapsed 0Total elapsed time: 0.991 sec.
@I [HLS-100] Command "license_isbetapart xc7z020 "
@I [HLS-100] Command 'license_isbetapart' returned 1; elapsed 0Total elapsed time: 0.991 sec.
@I [HLS-100] Command "get_default_platform "
@I [HLS-100] Command 'get_default_platform' returned 0; elapsed 0Total elapsed time: 0.995 sec.
@I [HLS-100] Command "config_chip_info -quiet -resource  {SLICE 13300}  {LUT 53200}     {FF 106400} {DSP48E 220}   {BRAM 280}  "
@I [HLS-100] Command 'config_chip_info' returned 0; elapsed 0Total elapsed time: 0.995 sec.
@I [HLS-100] Command "config_chip_info -quiet -speed slow "
@I [HLS-100] Command 'config_chip_info' returned 0; elapsed 0Total elapsed time: 0.995 sec.
@I [HLS-100] Command 'add_library' returned 0; elapsed 0.012Total elapsed time: 0.999 sec.
@I [HLS-100] Command "add_library xilinx/zynq/zynq_fpv6 "
@I [HLS-100] Command "get_default_platform "
@I [HLS-100] Command 'get_default_platform' returned 0; elapsed 0Total elapsed time: 0.999 sec.
@I [HLS-100] Command 'add_library' returned 0; elapsed 0Total elapsed time: 0.999 sec.
@I [HLS-100] Command 'set_part' returned 0; elapsed 0.058Total elapsed time: 1.3 sec.
@I [HLS-100] Command "create_clock -period 10 -name default "
@I [HLS-100] Command "config_clock -quiet -name default -period 10 -default=false "
@I [SYN-201] Setting up clock 'default' with a period of 10ns.
@I [HLS-100] Command 'config_clock' returned 0; elapsed 0Total elapsed time: 1.7 sec.
@I [HLS-100] Command 'create_clock' returned 0; elapsed 0.004Total elapsed time: 1.7 sec.
@I [HLS-100] Command "csynth_design "
@I [HLS-100] Command "elaborate -effort=medium -skip_syncheck=0 -keep_printf=0 -lm=0 -skip_cdt=0 -skip_transform=0 -ng=0 -g=0 -opt_fp=0 "
@I [HLS-10] Analyzing design file 'mul_matrix/main.cpp' ... 
@0 [HLS-0] Analyzing design file 'mul_matrix/main.cpp' ... 
@I [HLS-0] Compiling one TU...
@I [HLS-0] 
Checking before pre-process: exec clang -fno-limit-debug-info -gcc-toolchain "C:/Vivado/Vivado_HLS/2016.2/msys" -hls    -fno-math-errno -c -emit-llvm -O0  -mllvm -disable-llvm-optzns -fno-threadsafe-statics  -fno-use-cxa-atexit  -fno-threadsafe-statics -fno-use-cxa-atexit -D__cdecl=   -I "C:/Vivado/Vivado_HLS/2016.2/win64/tools/systemc/include" -I "C:/Vivado/Vivado_HLS/2016.2/include" -I "C:/Vivado/Vivado_HLS/2016.2/include/ap_sysc" -fexceptions -I "C:/Vivado/Vivado_HLS/2016.2/common/technology/autopilot" -include etc/autopilot_ssdm_op.h "mul_matrix/main.cpp"  -o "C:/Users/vince/Desktop/Zynq_Stuff/Multiplication_Matrix/mul_matrix/solution1/.autopilot/db/main.pp.00.o"

@I [HLS-100] Command "is_encrypted C:/Users/vince/Desktop/Zynq_Stuff/Multiplication_Matrix/mul_matrix/solution1/.autopilot/db/main.pp.00.o "
@I [HLS-100] Command 'is_encrypted' returned 0; elapsed 0Total elapsed time: 9.476 sec.
@I [HLS-0] Syntax Checker time: 8 seconds per iteration
@I [HLS-0] 
Source preprocessing: exec clang -fno-limit-debug-info -gcc-toolchain "C:/Vivado/Vivado_HLS/2016.2/msys" -hls -fno-exceptions  -D__llvm__  -CC -E "mul_matrix/main.cpp"     -fno-math-errno -c -emit-llvm -O0  -mllvm -disable-llvm-optzns -fno-threadsafe-statics  -fno-use-cxa-atexit  -fno-threadsafe-statics -fno-use-cxa-atexit -D__cdecl= -DAESL_SYN -D__SYNTHESIS__ -D__HLS_SYN__ -I "C:/Vivado/Vivado_HLS/2016.2/common/technology/autopilot" -I "C:/Vivado/Vivado_HLS/2016.2/common/technology/autopilot/ap_sysc" -include etc/autopilot_ssdm_op.h  -o "C:/Users/vince/Desktop/Zynq_Stuff/Multiplication_Matrix/mul_matrix/solution1/.autopilot/db/main.pp.0.cpp"

@I [HLS-0] GCC PP time: 0 seconds per iteration
@I [HLS-100] Command "list_core -type functional_unit "
@I [HLS-100] Command 'list_core' returned 0; elapsed 0Total elapsed time: 9.868 sec.
@I [HLS-0] Marker-Pragma convertor: C:/Users/vince/Desktop/Zynq_Stuff/Multiplication_Matrix/mul_matrix/solution1/.autopilot/db/main.pp.0.cpp C:/Users/vince/Desktop/Zynq_Stuff/Multiplication_Matrix/mul_matrix/solution1/.autopilot/db/main.pp.0.cpp.ap-line.cpp C:/Users/vince/Desktop/Zynq_Stuff/Multiplication_Matrix/mul_matrix/solution1/.autopilot/db/main.pp.0.cpp.ap-line.cpp.CXX 1
@I [HLS-0] 
Source processor: exec C:/Vivado/Vivado_HLS/2016.2/tps/win64/jre/bin/java -Xmx512m -classpath   "C:/Vivado/Vivado_HLS/2016.2/lib/classes/autopilot.sourceprocessor.jar;C:/Vivado/Vivado_HLS/2016.2/lib/classes/org.eclipse.cdt.core_5.3.0.xilinx_patch.jar;C:/Vivado/Vivado_HLS/2016.2/lib/classes/org.eclipse.core.runtime_3.7.0.v20110110.jar;C:/Vivado/Vivado_HLS/2016.2/lib/classes/org.eclipse.equinox.common_3.6.0.v20110523.jar;C:/Vivado/Vivado_HLS/2016.2/lib/classes/com.ibm.icu_4.4.2.v20110208.jar;C:/Vivado/Vivado_HLS/2016.2/lib/classes/jargs.jar;C:/Vivado/Vivado_HLS/2016.2/win64/tools/eclipse/plugins/org.eclipse.emf.common_2.10.1.v20150123-0348.jar;C:/Vivado/Vivado_HLS/2016.2/win64/tools/eclipse/plugins/org.eclipse.emf.ecore_2.10.2.v20150123-0348.jar;C:/Vivado/Vivado_HLS/2016.2/win64/tools/eclipse/plugins/org.eclipse.emf.ecore.xmi_2.10.2.v20150123-0348.jar;C:/Vivado/Vivado_HLS/2016.2/win64/tools/eclipse/plugins/com.autoesl.autopilot.ui.directiveFileModel_1.0.0.jar;C:/Vivado/Vivado_HLS/2016.2/win64/tools/eclipse/plugins/com.autoesl.autopilot.ui.common_1.0.0.jar"  autopilot.sourceprocessor.CParser  "C:/Users/vince/Desktop/Zynq_Stuff/Multiplication_Matrix/mul_matrix/solution1/.autopilot/db/main.pp.0.cpp.ap-line.cpp"  -m "matrix_multiply_top" -o "C:/Users/vince/Desktop/Zynq_Stuff/Multiplication_Matrix/mul_matrix/solution1/.autopilot/db/main.pp.0.cpp.ap-cdt.cpp" --pp --directive C:/Users/vince/Desktop/Zynq_Stuff/Multiplication_Matrix/mul_matrix/solution1/solution1.directive --source C:/Users/vince/Desktop/Zynq_Stuff/Multiplication_Matrix/mul_matrix/main.cpp --error C:/Users/vince/Desktop/Zynq_Stuff/Multiplication_Matrix/mul_matrix/solution1/.autopilot/db --funcunit "AddSub AddSub_DSP AddSubnS DAddSub_fulldsp DAddSub_nodsp DDiv DExp_fulldsp DExp_meddsp DExp_nodsp DLog_fulldsp DLog_meddsp DLog_nodsp DMul_fulldsp DMul_maxdsp DMul_meddsp DMul_nodsp DRSqrt DRecip DSqrt DivnS FAddSub_fulldsp FAddSub_nodsp FDiv FExp_fulldsp FExp_meddsp FExp_nodsp FLog_fulldsp FLog_meddsp FLog_nodsp FMul_fulldsp FMul_maxdsp FMul_meddsp FMul_nodsp FRSqrt_fulldsp FRSqrt_nodsp FRecip_fulldsp FRecip_nodsp FSqrt HAddSub_nodsp HDiv HMul_fulldsp HMul_maxdsp HMul_nodsp HSqrt Mul Mul2S Mul3S Mul4S Mul5S Mul6S Mul_LUT MulnS MuxnS" --ve --vetcl C:/Users/vince/Desktop/Zynq_Stuff/Multiplication_Matrix/mul_matrix/solution1/.autopilot/db --ca --es --gf --pd --p2d C:/Users/vince/Desktop/Zynq_Stuff/Multiplication_Matrix/mul_matrix/solution1/.autopilot/db --sd --scff C:/Users/vince/Desktop/Zynq_Stuff/Multiplication_Matrix/mul_matrix/solution1/.autopilot/db/.systemc_flag --ad

@I [HLS-0] Marker-Pragma convertor: C:/Users/vince/Desktop/Zynq_Stuff/Multiplication_Matrix/mul_matrix/solution1/.autopilot/db/main.pp.0.cpp.ap-cdt.cpp C:/Users/vince/Desktop/Zynq_Stuff/Multiplication_Matrix/mul_matrix/solution1/.autopilot/db/main.pragma.0.cpp C:/Users/vince/Desktop/Zynq_Stuff/Multiplication_Matrix/mul_matrix/solution1/.autopilot/db/main.pragma.0.cpp.ap-line.CXX 0
@I [HLS-100] Command "source C:/Users/vince/Desktop/Zynq_Stuff/Multiplication_Matrix/mul_matrix/solution1/.autopilot/db/pragma.status.tcl "
@I [HLS-100] Command 'ap_source' returned 0; elapsed 0Total elapsed time: 20.834 sec.
@I [HLS-0] CDT processor time: 10 seconds per iteration
@I [HLS-0] Pragma handling time: 0 seconds per iteration
@I [HLS-0] 
Source preprocessing: exec clang -fno-limit-debug-info -gcc-toolchain "C:/Vivado/Vivado_HLS/2016.2/msys" -hls -fno-exceptions  -D__llvm__  -CC -E "C:/Users/vince/Desktop/Zynq_Stuff/Multiplication_Matrix/mul_matrix/solution1/.autopilot/db/main.pragma.1.cpp"     -fno-math-errno -c -emit-llvm -O0  -mllvm -disable-llvm-optzns -fno-threadsafe-statics  -fno-use-cxa-atexit  -fno-threadsafe-statics -fno-use-cxa-atexit -D__cdecl= -DAESL_SYN -D__SYNTHESIS__ -D__HLS_SYN__ -I "C:/Vivado/Vivado_HLS/2016.2/common/technology/autopilot" -I "C:/Vivado/Vivado_HLS/2016.2/common/technology/autopilot/ap_sysc" -include etc/autopilot_ssdm_op.h  -o "C:/Users/vince/Desktop/Zynq_Stuff/Multiplication_Matrix/mul_matrix/solution1/.autopilot/db/main.pragma.2.cpp"

@I [HLS-0] exec clang -fno-limit-debug-info -gcc-toolchain C:/Vivado/Vivado_HLS/2016.2/msys -hls -hls-analyze-label -hls-analyze-pragma -fno-exceptions  -D__llvm__  -w  "C:/Users/vince/Desktop/Zynq_Stuff/Multiplication_Matrix/mul_matrix/solution1/.autopilot/db/main.pragma.2.cpp"    -fno-math-errno -c -emit-llvm -O0  -mllvm -disable-llvm-optzns -fno-threadsafe-statics  -fno-use-cxa-atexit -DAESL_SYN -D__SYNTHESIS__ -D__HLS_SYN__ -I "C:/Vivado/Vivado_HLS/2016.2/common/technology/autopilot" -I "C:/Vivado/Vivado_HLS/2016.2/common/technology/autopilot/ap_sysc" -include etc/autopilot_ssdm_op.h -g -o "C:/Users/vince/Desktop/Zynq_Stuff/Multiplication_Matrix/mul_matrix/solution1/.autopilot/db/main.g.bc"
@I [HLS-100] Command "source C:/Users/vince/Desktop/Zynq_Stuff/Multiplication_Matrix/mul_matrix/solution1/.autopilot/db/ve_warning.tcl "
@I [HLS-100] Command 'ap_source' returned 0; elapsed 0Total elapsed time: 25.423 sec.
@I [HLS-10] Validating synthesis directives ...
@0 [HLS-0] Validating synthesis directives ...
@I [HLS-100] Command "source C:/Users/vince/Desktop/Zynq_Stuff/Multiplication_Matrix/mul_matrix/solution1/.autopilot/db/pragma.status.tcl "
@I [HLS-100] Command 'ap_source' returned 0; elapsed 0.215Total elapsed time: 25.638 sec.
@I [HLS-0] Linking all ...
@I [HLS-0] exec llvm-ld  "C:/Users/vince/Desktop/Zynq_Stuff/Multiplication_Matrix/mul_matrix/solution1/.autopilot/db/main.bc"  -disable-opt  -LC:/Vivado/Vivado_HLS/2016.2/win64/lib -lm_basic -o "C:/Users/vince/Desktop/Zynq_Stuff/Multiplication_Matrix/mul_matrix/solution1/.autopilot/db/a.o.pre"
@I [HLS-0] Link time: 0 seconds per iteration
@I [HLS-0] Linking all ...
@I [HLS-0] exec llvm-ld  "C:/Users/vince/Desktop/Zynq_Stuff/Multiplication_Matrix/mul_matrix/solution1/.autopilot/db/main.g.bc"  -disable-opt  -LC:/Vivado/Vivado_HLS/2016.2/win64/lib -lm_basic -o "C:/Users/vince/Desktop/Zynq_Stuff/Multiplication_Matrix/mul_matrix/solution1/.autopilot/db/a.g.pre"
@I [HLS-0] Link time: 0 seconds per iteration
@I [HLS-100] Command "opt_and_import_c a -opt_level=2 -skip_syncheck=0 -ng=0 -keep_printf=0 "
@I [HLS-100] Command "cleanup_all_models "
@I [HLS-100] Command 'cleanup_all_models' returned 0; elapsed 0Total elapsed time: 27.387 sec.
@I [HLS-10] Starting code transformations ...
@0 [HLS-0] Starting code transformations ...
@I [HLS-0] std xform: transform -hls -share-std-xform -always-inline -promote-dbg-pointer  -interface-preproc  -scalarrepl -mem2reg -keep-read-access -instcombine -dce  -promote-dbg-pointer  -bitop-raise  -indvars -loop-simplify -xunroll  -constprop -instcombine -simplifycfg -indvars  -simplifycfg -dce -globaldce  -basicaa  -simplifycfg -mem2reg -globalopt  -global-constprop -deadargelim -instcombine -simplifycfg  -prune-eh -simplifycfg  -scalarrepl -instcombine -reassociate -licm  -simplifycfg -loop-simplify -indvars -instcombine  -simplifycfg -mem2reg -loop-simplify -indvars -instcombine  -gvn -gvn -instcombine -adce  -break-crit-edges  -simplifycfg -loop-delete  -global-array-opt -dce -dse -adce  -find-syn-modules -top matrix_multiply_top  -deadargelim  -mem2reg -instcombine -dce  -presyn-prepare -auto-rom-infer  -interface-preproc  -syn-check -check-rec-only  -find-region -simplifycfg -func-extr -function-inline  -globaldce -mem2reg -instcombine -dce   -gvn -globaldce -adce -adse  -constprop -instcombine -bit-constprop  -instcombine -dce -simplifycfg -bitop-raise  -simplifycfg -dce -loop-delete -reassociate  -globalopt -global-privatize -mem2reg -dce  -global-constprop -pointer-simplify -constprop -dce  -func-inst -deadargelim  -promote-dbg-pointer  -norm-name   C:/Users/vince/Desktop/Zynq_Stuff/Multiplication_Matrix/mul_matrix/solution1/.autopilot/db/a.g.0.bc -o C:/Users/vince/Desktop/Zynq_Stuff/Multiplication_Matrix/mul_matrix/solution1/.autopilot/db/a.g.1.bc -f  -phase std-opt
@I [HLS-0] Std xform time: 0 seconds per iteration
@I [HLS-100] Command "is_encrypted C:/Users/vince/Desktop/Zynq_Stuff/Multiplication_Matrix/mul_matrix/solution1/.autopilot/db/a.g.1.bc "
@I [HLS-100] Command 'is_encrypted' returned 0; elapsed 0.001Total elapsed time: 29.229 sec.
@I [HLS-10] Checking synthesizability ...
@0 [HLS-0] Checking synthesizability ...
@I [HLS-0] syn check 1/2: transform -hls -syn-check -check-rec-only -disaggr -scalarrepl -norm-name -dce  -mem2reg -instcombine  -function-uniquify -directive-preproc -mem2reg -dse -dce -auto-rom-infer -dce  -array-normalize -instcombine -dce  -array-seg-normalize -instcombine -dce  -array-flatten -instcombine -dce  -array-burst -dce  -deadargelim -promote-global-argument  -simplifycfg -mem2reg -globaldce -resolve-double-ptr  -dce -deadargelim -dce -instcombine  -function-inline -globaldce -dce  -doublePtrSimplify -doublePtrElim -dce  -doublePtrSimplify -promote-dbg-pointer  -dce -scalarrepl -dse -adse -instcombine  -ptrLegalization  -simplifycfg -dce -instcombine  -pointer-simplify -ptrArgReplace -dce -instcombine   -disaggr -scalarrepl -norm-name -dce  -mem2reg -instcombine -ptrLegalization   -simplifycfg -deadargelim  -instcombine -dce -inst-simplify  -function-uniquify -directive-preproc -mem2reg -dse -dce  -globaldce    C:/Users/vince/Desktop/Zynq_Stuff/Multiplication_Matrix/mul_matrix/solution1/.autopilot/db/a.g.1.bc -o C:/Users/vince/Desktop/Zynq_Stuff/Multiplication_Matrix/mul_matrix/solution1/.autopilot/db/a.g.2.prechk.bc -f
@I [XFORM-602] Inlining function 'hls::NoTranspose::GetElement<3, 3, float>' into 'hls::GetMatrixElement<hls::NoTranspose, 3, 3, float>' (C:/Vivado/Vivado_HLS/2016.2/common/technology/autopilot\hls/linear_algebra/utils/x_hls_matrix_utils.h:99) automatically.
@I [XFORM-602] Inlining function 'hls::GetMatrixElement<hls::NoTranspose, 3, 3, float>' into 'hls::matrix_multiply_alt2<hls::NoTranspose, hls::NoTranspose, 3, 3, 3, 3, 3, 3, hls::matrix_multiply_traits<hls::NoTranspose, hls::NoTranspose, 3, 3, 3, 3, float, float>, float, float>' (C:/Vivado/Vivado_HLS/2016.2/common/technology/autopilot/hls/linear_algebra/hls_matrix_multiply.h:316) automatically.
@I [XFORM-602] Inlining function 'hls::matrix_multiply_top<hls::NoTranspose, hls::NoTranspose, 3, 3, 3, 3, 3, 3, hls::matrix_multiply_traits<hls::NoTranspose, hls::NoTranspose, 3, 3, 3, 3, float, float>, float, float>' into 'hls::matrix_multiply<hls::NoTranspose, hls::NoTranspose, 3, 3, 3, 3, 3, 3, float, float>' (C:/Vivado/Vivado_HLS/2016.2/common/technology/autopilot/hls/linear_algebra/hls_matrix_multiply.h:548) automatically.
@I [XFORM-602] Inlining function 'hls::matrix_multiply<hls::NoTranspose, hls::NoTranspose, 3, 3, 3, 3, 3, 3, float, float>' into 'matrix_multiply_top' (mul_matrix/main.cpp:57) automatically.
@I [HLS-0] Syn check 1/2 time: 0 seconds per iteration
@I [HLS-0] syn check 2/2: transform -syn-check   C:/Users/vince/Desktop/Zynq_Stuff/Multiplication_Matrix/mul_matrix/solution1/.autopilot/db/a.g.2.prechk.bc -o C:/Users/vince/Desktop/Zynq_Stuff/Multiplication_Matrix/mul_matrix/solution1/.autopilot/db/a.g.2.bc -f  -phase syn-check
@I [HLS-0] Syn check 2/2 time: 0 seconds per iteration
@I [HLS-0] Compiler optimizing ...
@I [HLS-0] Share syncheck's 1.bc for syn flow: copy C:/Users/vince/Desktop/Zynq_Stuff/Multiplication_Matrix/mul_matrix/solution1/.autopilot/db/a.g.1.bc to C:/Users/vince/Desktop/Zynq_Stuff/Multiplication_Matrix/mul_matrix/solution1/.autopilot/db/a.o.1.bc
@I [HLS-0] presyn 1: transform -hls -tmp C:/Users/vince/Desktop/Zynq_Stuff/Multiplication_Matrix/mul_matrix/solution1/.autopilot/db -type-info  -function-uniquify -directive-preproc -mem2reg -dse -dce  -disaggr -scalarrepl -norm-name -deadargelim  -mem2reg -instcombine -dce -auto-rom-infer -dce -function-uniquify  -resource-proc  -simplifycfg -mem2reg -globaldce -resolve-double-ptr -dce -deadargelim -dce -instcombine  -clib-intrinsic-prepare -dce  -func-buffer -dce -array-normalize  -func-legal -instcombine -gvn -constprop -dce   -ptrArgReplace -mem2reg -instcombine -dce  -array-seg-normalize -deadargelim  -instcombine -dce  -pointer-simplify -dce  -port-alignment -dce  -interface-preproc  -data-pack -instcombine -dce   -basicaa -aggr-aa -aggrmodref-aa -aggr-aa -gvn -gvn  -basicaa -aggr-aa -aggrmodref-aa -aggr-aa -dse -adse -adce  -loop-simplify -indvars -instcombine  -gvn -loop-simplify -mem2reg -dce -simplifycfg  -find-region -instcombine  -auto-loop-pipeline  -inst-simplify  -interface-preproc  -indvars -auto-loop-unroll -loop-simplify -loop-bound -xunroll  -constprop -instcombine -simplifycfg -indvars  -simplifycfg -dce -globaldce  -attach-range  -gvn -inst-simplify  -constprop -simplifycfg -dce  -pointer-simplify -dce  -globalopt -constprop -dce  -array-promote -constprop -instcombine -dce  -ptrArgReplace -mem2reg  -instcombine -simplifycfg -dce  -auto-par -instcombine -dce  -array-transform-check  -array-reshape -instcombine -simplifycfg -dce  -ptrArgReplace -deadargelim -mem2reg  -instcombine -simplifycfg -dce   -indvars -loop-simplify -loop-bound -xunroll  -constprop -instcombine -simplifycfg -indvars  -simplifycfg -dce -globaldce  -duplicate-dataflow-processes -globaldce  -array-partition -instcombine -simplifycfg -dce  -ptrArgReplace -global-constprop -deadargelim -mem2reg  -func-legal -instcombine -dce -global-constprop -deadargelim -mem2reg  -instcombine -simplifycfg -dce   -globalopt -constprop -dce  -array-promote -constprop -instcombine -dce  -ptrArgReplace -mem2reg  -instcombine -simplifycfg -dce   -mem-intrinsic-preproc -dce  -global-privatize  -mem2reg -globaldce  -promote-global-argument  -ptrArgReplace -mem2reg -instcombine -dce  -globalopt -mergereturn -simplify-global-access -mem2reg -dce  -pointer-simplify -dce  -functionattrs  -basicaa -aggr-aa -aggrmodref-aa -aggr-aa -gvn -gvn  -basicaa -aggr-aa -aggrmodref-aa -aggr-aa -dse -adse -adce  -inst-simplify -dce -norm-name  -function-inline -globaldce  -func-inst -constprop -instcombine -simplifycfg -dce  -func-legal -dce   -loop-bound  -arraycheck -bitwidthmin -on-by-dataflow  -loop-delete -instcombine -simplifycfg  -globaldce -dce -gvn -deadargelim -dce -loop-simplify -clean-region -simplifycfg -propagate-stable-arguments  -loop-stream -instcombine -simplifycfg -dce -globaldce  -stream-intrinsic-preproc -dce  -check-ap-stream -loop-simplify -eliminate-keepreads  -extract-dataflow-in-loop -loop-simplify -dce -gvn -deadargelim -dse  -check-dataflow-syntax  -legalize-stream-variable -legalize-global -legalize-global-1  -extract-subproc -dce -dead-channel-elimination  -canonicalize-gep -globaldce -dce -gvn -deadargelim  -scalar-propagation -deadargelim -globaldce -mem2reg  -check-dataflow-channels -function-stream -annotate-dataflow-channels -dce -globaldce  -prop-fifo-spec -internal-stream-gen  -canonicalize-gep -globaldce -dce -gvn -deadargelim   -mergereturn -indvars -loop-simplify -instcombine  -array-stream -instcombine -simplifycfg -dce  -bundle-memfifo-ops -deadargelim    -function-uniquify -directive-preproc -mem2reg -dse -dce  -group-axi-access    -licm -simplifycfg -dce -loop-delete  -norm-name  C:/Users/vince/Desktop/Zynq_Stuff/Multiplication_Matrix/mul_matrix/solution1/.autopilot/db/a.o.1.bc -o C:/Users/vince/Desktop/Zynq_Stuff/Multiplication_Matrix/mul_matrix/solution1/.autopilot/db/a.o.1.tmp.bc -f
@W [XFORM-503] Cannot unroll loop 'b_col_loop' (C:/Vivado/Vivado_HLS/2016.2/common/technology/autopilot/hls/linear_algebra/hls_matrix_multiply.h:312) in function 'hls::matrix_multiply_alt2<hls::NoTranspose, hls::NoTranspose, 3, 3, 3, 3, 3, 3, hls::matrix_multiply_traits<hls::NoTranspose, hls::NoTranspose, 3, 3, 3, 3, float, float>, float, float>': invalid partial unroll factor 1.
@W [XFORM-105] Cannot partition array 'b_i' (mul_matrix/main.cpp:41): incorrect partition factor 1.
@W [XFORM-105] Cannot partition array 'c_i' : incorrect partition factor 1.
@W [XFORM-105] Cannot partition array 'sum_mult' (C:/Vivado/Vivado_HLS/2016.2/common/technology/autopilot/hls/linear_algebra/hls_matrix_multiply.h:304): incorrect partition factor 1.
@I [XFORM-602] Inlining function 'hls::NoTranspose::GetElement<3, 3, float>' into 'hls::GetMatrixElement<hls::NoTranspose, 3, 3, float>' (C:/Vivado/Vivado_HLS/2016.2/common/technology/autopilot\hls/linear_algebra/utils/x_hls_matrix_utils.h:99) automatically.
@I [XFORM-602] Inlining function 'hls::GetMatrixElement<hls::NoTranspose, 3, 3, float>' into 'hls::matrix_multiply_alt2<hls::NoTranspose, hls::NoTranspose, 3, 3, 3, 3, 3, 3, hls::matrix_multiply_traits<hls::NoTranspose, hls::NoTranspose, 3, 3, 3, 3, float, float>, float, float>' (C:/Vivado/Vivado_HLS/2016.2/common/technology/autopilot/hls/linear_algebra/hls_matrix_multiply.h:316) automatically.
@I [XFORM-602] Inlining function 'hls::matrix_multiply_top<hls::NoTranspose, hls::NoTranspose, 3, 3, 3, 3, 3, 3, hls::matrix_multiply_traits<hls::NoTranspose, hls::NoTranspose, 3, 3, 3, 3, float, float>, float, float>' into 'hls::matrix_multiply<hls::NoTranspose, hls::NoTranspose, 3, 3, 3, 3, 3, 3, float, float>' (C:/Vivado/Vivado_HLS/2016.2/common/technology/autopilot/hls/linear_algebra/hls_matrix_multiply.h:548) automatically.
@I [XFORM-602] Inlining function 'hls::matrix_multiply<hls::NoTranspose, hls::NoTranspose, 3, 3, 3, 3, 3, 3, float, float>' into 'matrix_multiply_top' (mul_matrix/main.cpp:57) automatically.
@I [HLS-0] Presyn 1 time: 0 seconds per iteration
@I [HLS-0] presyn 2: transform -hls -keep-callgraph -scalarrepl -mem2reg  -port-alignment -attach-range -dce  -pipe-mux-gen  -indvars -loop-bound  -inst-simplify -instcombine -dce  -merge-array-access -mem2reg -dce  -clean-region -mergereturn -if-conv  -instcombine -dce -constprop  -basicaa -aggr-aa -aggrmodref-aa -aggr-aa -gvn -gvn  -basicaa -aggr-aa -aggrmodref-aa -aggr-aa -dse -adse -adce  -scalarrepl -mem2reg  -global-constprop -deadargelim -deadargelim  -instcombine -dce -simplifycfg    -ptrArgReplace -mem2reg -function-inline  -globaldce -mem2reg -instcombine -dce -expr-balance  -instcombine -dce  -bitwidthmin  -interface-preproc -directive-preproc  -inst-rectify -instcombine -dce  -functionattrs  -constprop -instcombine -bit-constprop  -simplify-global-access  -globalopt -globaldce  -inst-simplify -instcombine -elimdeaddata -dce  -loop-delete -simplifycfg -loop-simplify -auto-burst   -norm-name C:/Users/vince/Desktop/Zynq_Stuff/Multiplication_Matrix/mul_matrix/solution1/.autopilot/db/a.o.1.tmp.bc -o C:/Users/vince/Desktop/Zynq_Stuff/Multiplication_Matrix/mul_matrix/solution1/.autopilot/db/a.o.2.bc -f  -phase presyn
@I [HLS-0] Presyn 2 time: 0 seconds per iteration
@I [HLS-100] Command "is_encrypted C:/Users/vince/Desktop/Zynq_Stuff/Multiplication_Matrix/mul_matrix/solution1/.autopilot/db/a.o.2.bc "
@I [HLS-100] Command 'is_encrypted' returned 0; elapsed 0Total elapsed time: 30.228 sec.
@I [HLS-0] build ssdm: transform -hls  -function-uniquify -auto-function-inline -globaldce  -ptrArgReplace -mem2reg -instcombine -dce  -reset-lda  -loop-simplify -indvars -licm -loop-dep  -loop-bound -licm -loop-simplify -flattenloopnest  -array-flatten -gvn -instcombine -dce  -array-map -dce -func-legal  -gvn -adce -instcombine -cfgopt -simplifycfg -loop-simplify   -array-burst -promote-global-argument -dce  -axi4-lower -array-seg-normalize  -basicaa -aggrmodref-aa -globalsmodref-aa -aggr-aa -gvn -gvn  -basicaa -aggrmodref-aa -globalsmodref-aa -aggr-aa -dse -adse -adce -licm  -inst-simplify -dce  -globaldce -instcombine -array-stream -eliminate-keepreads -instcombine  -dce   -deadargelim -doublePtrSimplify  -doublePtrElim -dce -doublePtrSimplify -promote-dbg-pointer  -dce -scalarrepl -mem2reg -disaggr -norm-name -mem2reg  -instcombine  -dse -adse -adce -ptrLegalization -dce -auto-rom-infer -array-flatten -dce -instcombine  -loop-rot -constprop -cfgopt -simplifycfg -loop-simplify -indvars -pointer-simplify -dce -loop-bound  -loop-simplify -loop-preproc  -constprop -global-constprop -gvn -mem2reg -instcombine -dce  -loop-merge -dce  -bitwidthmin  -deadargelim -dce  -scalar-propagation -deadargelim -globaldce -mem2reg  -interface-preproc -interface-gen  -deadargelim -directive-preproc -inst-simplify -dce  -gvn -mem2reg -instcombine -dce -adse  -loop-bound  -instcombine -cfgopt -simplifycfg -loop-simplify  -clean-region -io-protocol  -find-region -mem2reg  -bitop-raise  -inst-simplify -inst-rectify -instcombine -adce -deadargelim  -loop-simplify -phi-opt -bitop-raise  -cfgopt -simplifycfg -strip-dead-prototypes  -interface-lower -bitop-lower -intrinsic-lower -auto-function-inline  -basicaa -aggrmodref-aa -globalsmodref-aa -aggr-aa  -inst-simplify -simplifycfg   -mergereturn -inst-simplify -inst-rectify  -dce -bitop-lower  -loop-rewind -pointer-simplify -dce -cfgopt  -read-loop-dep -dce -bitwidth -norm-name -legalize    -cdfg-build  C:/Users/vince/Desktop/Zynq_Stuff/Multiplication_Matrix/mul_matrix/solution1/.autopilot/db/a.o.2.bc -o C:/Users/vince/Desktop/Zynq_Stuff/Multiplication_Matrix/mul_matrix/solution1/.autopilot/db/a.o.3.bc -f  -phase build-ssdm
@I [XFORM-541] Flattening a loop nest 'a_row_loop' (C:/Vivado/Vivado_HLS/2016.2/common/technology/autopilot/hls/linear_algebra/hls_matrix_multiply.h:311:76) in function 'hls::matrix_multiply_alt2<hls::NoTranspose, hls::NoTranspose, 3, 3, 3, 3, 3, 3, hls::matrix_multiply_traits<hls::NoTranspose, hls::NoTranspose, 3, 3, 3, 3, float, float>, float, float>'.
@I [XFORM-541] Flattening a loop nest 'a_col_loop' (C:/Vivado/Vivado_HLS/2016.2/common/technology/autopilot/hls/linear_algebra/hls_matrix_multiply.h:310:71) in function 'hls::matrix_multiply_alt2<hls::NoTranspose, hls::NoTranspose, 3, 3, 3, 3, 3, 3, hls::matrix_multiply_traits<hls::NoTranspose, hls::NoTranspose, 3, 3, 3, 3, float, float>, float, float>'.
@W [XFORM-631] Renaming function 'hls::matrix_multiply_alt2<hls::NoTranspose, hls::NoTranspose, 3, 3, 3, 3, 3, 3, hls::matrix_multiply_traits<hls::NoTranspose, hls::NoTranspose, 3, 3, 3, 3, float, float>, float, float>' (C:/Vivado/Vivado_HLS/2016.2/common/technology/autopilot/hls/linear_algebra/hls_matrix_multiply.h:60:13) into matrix_multiply_alt2.
@I [HLS-0] Build ssdm time: 0 seconds per iteration
@I [HLS-100] Command "is_encrypted C:/Users/vince/Desktop/Zynq_Stuff/Multiplication_Matrix/mul_matrix/solution1/.autopilot/db/a.o.3.bc "
@I [HLS-100] Command 'is_encrypted' returned 0; elapsed 0Total elapsed time: 30.545 sec.
@I [HLS-0] Finish building internal data model.
@I [HLS-100] Command 'opt_and_import_c' returned 0; elapsed 3.178Total elapsed time: 30.565 sec.
@I [HLS-111] Elapsed time: 30.588 seconds; current memory usage: 147 MB.
@I [HLS-100] Command 'elaborate' returned 0; elapsed 29.574Total elapsed time: 30.585 sec.
@I [HLS-100] Command "autosyn "
@I [HLS-10] Starting hardware synthesis ...
@0 [HLS-0] Starting hardware synthesis ...
@I [HLS-0] Synthesizing C/C++ design ...
@I [HLS-10] Synthesizing 'matrix_multiply_top' ...
@0 [HLS-0] Synthesizing 'matrix_multiply_top' ...
@I [HLS-100] Command "ap_set_top_model matrix_multiply_top "
@I [HLS-100] Command 'ap_set_top_model' returned 0; elapsed 0Total elapsed time: 30.699 sec.
@I [HLS-100] Command "get_model_list matrix_multiply_top -filter all-wo-channel -topdown "
@I [HLS-100] Command 'get_model_list' returned 0; elapsed 0Total elapsed time: 30.700 sec.
@I [HLS-100] Command "preproc_iomode -model matrix_multiply_top "
@I [HLS-100] Command 'preproc_iomode' returned 0; elapsed 0Total elapsed time: 30.700 sec.
@I [HLS-100] Command "preproc_iomode -model matrix_multiply_top_matrix_multiply_alt2 "
@I [HLS-100] Command 'preproc_iomode' returned 0; elapsed 0Total elapsed time: 30.701 sec.
@I [HLS-100] Command "get_model_list matrix_multiply_top -filter all-wo-channel "
@I [HLS-100] Command 'get_model_list' returned 0; elapsed 0Total elapsed time: 30.701 sec.
@I [HLS-0] Model list for configure: matrix_multiply_top_matrix_multiply_alt2 matrix_multiply_top
@I [HLS-0] Configuring Module : matrix_multiply_top_matrix_multiply_alt2 ...
@I [HLS-100] Command "set_default_model matrix_multiply_top_matrix_multiply_alt2 "
@I [HLS-100] Command 'set_default_model' returned 0; elapsed 0Total elapsed time: 30.702 sec.
@I [HLS-100] Command "apply_spec_resource_limit matrix_multiply_top_matrix_multiply_alt2 "
@I [HLS-100] Command 'apply_spec_resource_limit' returned 0; elapsed 0Total elapsed time: 30.702 sec.
@I [HLS-0] Configuring Module : matrix_multiply_top ...
@I [HLS-100] Command "set_default_model matrix_multiply_top "
@I [HLS-100] Command 'set_default_model' returned 0; elapsed 0Total elapsed time: 30.703 sec.
@I [HLS-100] Command "apply_spec_resource_limit matrix_multiply_top "
@I [HLS-100] Command 'apply_spec_resource_limit' returned 0; elapsed 0Total elapsed time: 30.703 sec.
@I [HLS-0] Model list for preprocess: matrix_multiply_top_matrix_multiply_alt2 matrix_multiply_top
@I [HLS-0] Preprocessing Module: matrix_multiply_top_matrix_multiply_alt2 ...
@I [HLS-100] Command "set_default_model matrix_multiply_top_matrix_multiply_alt2 "
@I [HLS-100] Command 'set_default_model' returned 0; elapsed 0Total elapsed time: 30.703 sec.
@I [HLS-100] Command "cdfg_preprocess -model matrix_multiply_top_matrix_multiply_alt2 "
@I [HLS-100] Command 'cdfg_preprocess' returned 0; elapsed 0Total elapsed time: 30.704 sec.
@I [HLS-100] Command "rtl_gen_preprocess matrix_multiply_top_matrix_multiply_alt2 "
@I [HLS-100] Command 'rtl_gen_preprocess' returned 0; elapsed 0Total elapsed time: 30.705 sec.
@I [HLS-0] Preprocessing Module: matrix_multiply_top ...
@I [HLS-100] Command "set_default_model matrix_multiply_top "
@I [HLS-100] Command 'set_default_model' returned 0; elapsed 0Total elapsed time: 30.705 sec.
@I [HLS-100] Command "cdfg_preprocess -model matrix_multiply_top "
@I [HLS-100] Command 'cdfg_preprocess' returned 0; elapsed 0Total elapsed time: 30.705 sec.
@I [HLS-100] Command "rtl_gen_preprocess matrix_multiply_top "
@I [HLS-100] Command 'rtl_gen_preprocess' returned 0; elapsed 0Total elapsed time: 30.705 sec.
@I [HLS-0] Model list for synthesis: matrix_multiply_top_matrix_multiply_alt2 matrix_multiply_top
@I [HLS-10] ----------------------------------------------------------------
@0 [HLS-0] ----------------------------------------------------------------
@I [HLS-10] -- Scheduling module 'matrix_multiply_top_matrix_multiply_alt2' 
@0 [HLS-0] -- Scheduling module 'matrix_multiply_top_matrix_multiply_alt2' 
@I [HLS-10] ----------------------------------------------------------------
@0 [HLS-0] ----------------------------------------------------------------
@I [HLS-100] Command "set_default_model matrix_multiply_top_matrix_multiply_alt2 "
@I [HLS-100] Command 'set_default_model' returned 0; elapsed 0Total elapsed time: 30.705 sec.
@I [HLS-100] Command "schedule -model matrix_multiply_top_matrix_multiply_alt2 "
@I [SCHED-11] Starting scheduling ...
@I [SCHED-61] Pipelining loop 'a_col_loop_a_row_loop_b_col_loop'.
@I [SCHED-61] Pipelining result: Target II: 1, Final II: 1, Depth: 12.
@W [SCHED-21] Estimated clock period (9.65ns) exceeds the target (target clock period: 10ns, clock uncertainty: 1.25ns, effective delay budget: 8.75ns).
@W [SCHED-21] The critical path consists of the following:
	'load' operation ('sum_mult_load', C:/Vivado/Vivado_HLS/2016.2/common/technology/autopilot/hls/linear_algebra/hls_matrix_multiply.h:327) on array 'sum_mult', C:/Vivado/Vivado_HLS/2016.2/common/technology/autopilot/hls/linear_algebra/hls_matrix_multiply.h:304 (2.39 ns)
	'fadd' operation ('tmp_4', C:/Vivado/Vivado_HLS/2016.2/common/technology/autopilot/hls/linear_algebra/hls_matrix_multiply.h:327) (7.26 ns)
@I [SCHED-11] Finished scheduling.
@I [HLS-100] Command 'schedule' returned 0; elapsed 0.036Total elapsed time: 30.741 sec.
@I [HLS-111] Elapsed time: 0.18 seconds; current memory usage: 148 MB.
@I [HLS-100] Command "report -o C:/Users/vince/Desktop/Zynq_Stuff/Multiplication_Matrix/mul_matrix/solution1/.autopilot/db/matrix_multiply_top_matrix_multiply_alt2.verbose.sched.rpt -verbose -f "
@I [HLS-100] Command 'report' returned 0; elapsed 0.008Total elapsed time: 30.815 sec.
@I [HLS-100] Command "db_write -o C:/Users/vince/Desktop/Zynq_Stuff/Multiplication_Matrix/mul_matrix/solution1/.autopilot/db/matrix_multiply_top_matrix_multiply_alt2.sched.adb -f "
@I [HLS-100] Command 'db_write' returned 0; elapsed 0.024Total elapsed time: 30.839 sec.
@I [HLS-0] Finish scheduling matrix_multiply_top_matrix_multiply_alt2.
@I [HLS-10] ----------------------------------------------------------------
@0 [HLS-0] ----------------------------------------------------------------
@I [HLS-10] -- Exploring micro-architecture for module 'matrix_multiply_top_matrix_multiply_alt2' 
@0 [HLS-0] -- Exploring micro-architecture for module 'matrix_multiply_top_matrix_multiply_alt2' 
@I [HLS-10] ----------------------------------------------------------------
@0 [HLS-0] ----------------------------------------------------------------
@I [HLS-100] Command "set_default_model matrix_multiply_top_matrix_multiply_alt2 "
@I [HLS-100] Command 'set_default_model' returned 0; elapsed 0Total elapsed time: 30.900 sec.
@I [HLS-100] Command "bind -model matrix_multiply_top_matrix_multiply_alt2 "
@I [BIND-110] clear=
@I [BIND-110] debug=
@I [BIND-110] drf=
@I [BIND-110] effort=
@I [BIND-110] fast_refine=
@I [BIND-110] fu_weight=[ 0.0 -- 1.0 ]
@I [BIND-110] global_opt=
@I [BIND-110] gsearch=
@I [BIND-110] help=
@I [BIND-110] help-hidden=
@I [BIND-110] min_mem_port=
@I [BIND-110] min_op=
@I [BIND-110] minreg=
@I [BIND-110] ml=
@I [BIND-110] model=matrix_multiply_top_matrix_multiply_alt2
@I [BIND-110] no_false_path=
@I [BIND-110] no_min_op=
@I [BIND-110] normalize=
@I [BIND-110] quiet=
@I [BIND-110] refine=
@I [BIND-110] reg_weight=[ 0.0 -- 1.0 ]
@I [BIND-110] search=
@I [BIND-110] tight_delay=
@I [BIND-110] verbose=
@I [BIND-110] wFF=
@I [BIND-110] wFU=
@I [BIND-110] wMUX=
@I [BIND-110] wNET=
@I [BIND-100] Starting micro-architecture generation ...
@I [BIND-101] Performing variable lifetime analysis.
@I [BIND-101] Exploring resource sharing.
@I [BIND-101] Binding ...
@I [BIND-100] Finished micro-architecture generation.
@I [HLS-100] Command 'bind' returned 0; elapsed 0.006Total elapsed time: 30.907 sec.
@I [HLS-111] Elapsed time: 0.166 seconds; current memory usage: 148 MB.
@I [HLS-100] Command "report -o C:/Users/vince/Desktop/Zynq_Stuff/Multiplication_Matrix/mul_matrix/solution1/.autopilot/db/matrix_multiply_top_matrix_multiply_alt2.verbose.bind.rpt -verbose -f "
@I [HLS-100] Command 'report' returned 0; elapsed 0.024Total elapsed time: 30.955 sec.
@I [HLS-100] Command "db_write -o C:/Users/vince/Desktop/Zynq_Stuff/Multiplication_Matrix/mul_matrix/solution1/.autopilot/db/matrix_multiply_top_matrix_multiply_alt2.bind.adb -f "
@I [HLS-100] Command 'db_write' returned 0; elapsed 0.024Total elapsed time: 30.979 sec.
@I [HLS-0] Finish binding matrix_multiply_top_matrix_multiply_alt2.
@I [HLS-10] ----------------------------------------------------------------
@0 [HLS-0] ----------------------------------------------------------------
@I [HLS-10] -- Scheduling module 'matrix_multiply_top' 
@0 [HLS-0] -- Scheduling module 'matrix_multiply_top' 
@I [HLS-10] ----------------------------------------------------------------
@0 [HLS-0] ----------------------------------------------------------------
@I [HLS-100] Command "set_default_model matrix_multiply_top "
@I [HLS-100] Command 'set_default_model' returned 0; elapsed 0Total elapsed time: 30.979 sec.
@I [HLS-100] Command "schedule -model matrix_multiply_top "
@I [SCHED-11] Starting scheduling ...
@I [SCHED-11] Finished scheduling.
@I [HLS-100] Command 'schedule' returned 0; elapsed 0.027Total elapsed time: 31.6 sec.
@I [HLS-111] Elapsed time: 0.093 seconds; current memory usage: 148 MB.
@I [HLS-100] Command "report -o C:/Users/vince/Desktop/Zynq_Stuff/Multiplication_Matrix/mul_matrix/solution1/.autopilot/db/matrix_multiply_top.verbose.sched.rpt -verbose -f "
@I [HLS-100] Command 'report' returned 0; elapsed 0.008Total elapsed time: 31.78 sec.
@I [HLS-100] Command "db_write -o C:/Users/vince/Desktop/Zynq_Stuff/Multiplication_Matrix/mul_matrix/solution1/.autopilot/db/matrix_multiply_top.sched.adb -f "
@I [HLS-100] Command 'db_write' returned 0; elapsed 0.022Total elapsed time: 31.100 sec.
@I [HLS-0] Finish scheduling matrix_multiply_top.
@I [HLS-10] ----------------------------------------------------------------
@0 [HLS-0] ----------------------------------------------------------------
@I [HLS-10] -- Exploring micro-architecture for module 'matrix_multiply_top' 
@0 [HLS-0] -- Exploring micro-architecture for module 'matrix_multiply_top' 
@I [HLS-10] ----------------------------------------------------------------
@0 [HLS-0] ----------------------------------------------------------------
@I [HLS-100] Command "set_default_model matrix_multiply_top "
@I [HLS-100] Command 'set_default_model' returned 0; elapsed 0Total elapsed time: 31.151 sec.
@I [HLS-100] Command "bind -model matrix_multiply_top "
@I [BIND-110] clear=
@I [BIND-110] debug=
@I [BIND-110] drf=
@I [BIND-110] effort=
@I [BIND-110] fast_refine=
@I [BIND-110] fu_weight=[ 0.0 -- 1.0 ]
@I [BIND-110] global_opt=
@I [BIND-110] gsearch=
@I [BIND-110] help=
@I [BIND-110] help-hidden=
@I [BIND-110] min_mem_port=
@I [BIND-110] min_op=
@I [BIND-110] minreg=
@I [BIND-110] ml=
@I [BIND-110] model=matrix_multiply_top
@I [BIND-110] no_false_path=
@I [BIND-110] no_min_op=
@I [BIND-110] normalize=
@I [BIND-110] quiet=
@I [BIND-110] refine=
@I [BIND-110] reg_weight=[ 0.0 -- 1.0 ]
@I [BIND-110] search=
@I [BIND-110] tight_delay=
@I [BIND-110] verbose=
@I [BIND-110] wFF=
@I [BIND-110] wFU=
@I [BIND-110] wMUX=
@I [BIND-110] wNET=
@I [BIND-100] Starting micro-architecture generation ...
@I [BIND-101] Performing variable lifetime analysis.
@I [BIND-101] Exploring resource sharing.
@I [BIND-101] Binding ...
@I [BIND-100] Finished micro-architecture generation.
@I [HLS-100] Command 'bind' returned 0; elapsed 0.016Total elapsed time: 31.167 sec.
@I [HLS-111] Elapsed time: 0.168 seconds; current memory usage: 148 MB.
@I [HLS-100] Command "report -o C:/Users/vince/Desktop/Zynq_Stuff/Multiplication_Matrix/mul_matrix/solution1/.autopilot/db/matrix_multiply_top.verbose.bind.rpt -verbose -f "
@I [HLS-100] Command 'report' returned 0; elapsed 0.045Total elapsed time: 31.237 sec.
@I [HLS-100] Command "db_write -o C:/Users/vince/Desktop/Zynq_Stuff/Multiplication_Matrix/mul_matrix/solution1/.autopilot/db/matrix_multiply_top.bind.adb -f "
@I [HLS-100] Command 'db_write' returned 0; elapsed 0.024Total elapsed time: 31.265 sec.
@I [HLS-0] Finish binding matrix_multiply_top.
@I [HLS-100] Command "get_model_list matrix_multiply_top -filter all-wo-channel "
@I [HLS-100] Command 'get_model_list' returned 0; elapsed 0Total elapsed time: 31.265 sec.
@I [HLS-0] Preprocessing for RTLGen ...
@I [HLS-100] Command "rtl_gen_preprocess matrix_multiply_top_matrix_multiply_alt2 "
@I [HLS-100] Command 'rtl_gen_preprocess' returned 0; elapsed 0Total elapsed time: 31.269 sec.
@I [HLS-100] Command "rtl_gen_preprocess matrix_multiply_top "
@I [HLS-100] Command 'rtl_gen_preprocess' returned 0; elapsed 0Total elapsed time: 31.269 sec.
@I [HLS-0] Model list for RTL generation: matrix_multiply_top_matrix_multiply_alt2 matrix_multiply_top
@I [HLS-10] ----------------------------------------------------------------
@0 [HLS-0] ----------------------------------------------------------------
@I [HLS-10] -- Generating RTL for module 'matrix_multiply_top_matrix_multiply_alt2' 
@0 [HLS-0] -- Generating RTL for module 'matrix_multiply_top_matrix_multiply_alt2' 
@I [HLS-10] ----------------------------------------------------------------
@0 [HLS-0] ----------------------------------------------------------------
@I [HLS-100] Command "create_rtl_model matrix_multiply_top_matrix_multiply_alt2 -vendor xilinx -mg_file C:/Users/vince/Desktop/Zynq_Stuff/Multiplication_Matrix/mul_matrix/solution1/.autopilot/db/matrix_multiply_top_matrix_multiply_alt2.compgen.tcl "
@I [RTGEN-100] Generating core module 'matrix_multiply_top_fadd_32ns_32ns_32_5_full_dsp': 1 instance(s).
@I [RTGEN-100] Generating core module 'matrix_multiply_top_fmul_32ns_32ns_32_4_max_dsp': 1 instance(s).
@I [RTGEN-100] Finished creating RTL model for 'matrix_multiply_top_matrix_multiply_alt2'.
@I [HLS-100] Command 'create_rtl_model' returned 0; elapsed 0.02Total elapsed time: 31.333 sec.
@I [HLS-111] Elapsed time: 0.165 seconds; current memory usage: 148 MB.
@I [HLS-100] Command "source C:/Users/vince/Desktop/Zynq_Stuff/Multiplication_Matrix/mul_matrix/solution1/.autopilot/db/matrix_multiply_top.rtl_wrap.cfg.tcl "
@I [HLS-100] Command 'ap_source' returned 0; elapsed 0Total elapsed time: 31.415 sec.
@I [HLS-100] Command "gen_rtl matrix_multiply_top_matrix_multiply_alt2 -style xilinx -tracefl mytrace -tracefmt vcd -traceopt all -f -lang sc -o C:/Users/vince/Desktop/Zynq_Stuff/Multiplication_Matrix/mul_matrix/solution1/syn/systemc/matrix_multiply_top_matrix_multiply_alt2 -synmodules matrix_multiply_top_matrix_multiply_alt2 matrix_multiply_top "
@I [HLS-100] Command 'gen_rtl' returned 0; elapsed 0.012Total elapsed time: 31.427 sec.
@I [HLS-100] Command "gen_rtl matrix_multiply_top_matrix_multiply_alt2 -style xilinx -f -lang vhdl -o C:/Users/vince/Desktop/Zynq_Stuff/Multiplication_Matrix/mul_matrix/solution1/syn/vhdl/matrix_multiply_top_matrix_multiply_alt2 "
@I [HLS-100] Command 'gen_rtl' returned 0; elapsed 0.008Total elapsed time: 31.435 sec.
@I [HLS-100] Command "gen_rtl matrix_multiply_top_matrix_multiply_alt2 -style xilinx -f -lang vlog -o C:/Users/vince/Desktop/Zynq_Stuff/Multiplication_Matrix/mul_matrix/solution1/syn/verilog/matrix_multiply_top_matrix_multiply_alt2 "
@I [HLS-100] Command 'gen_rtl' returned 0; elapsed 0.004Total elapsed time: 31.439 sec.
@I [HLS-100] Command "gen_tb_info matrix_multiply_top_matrix_multiply_alt2 -o C:/Users/vince/Desktop/Zynq_Stuff/Multiplication_Matrix/mul_matrix/solution1/.autopilot/db/matrix_multiply_top_matrix_multiply_alt2 -p C:/Users/vince/Desktop/Zynq_Stuff/Multiplication_Matrix/mul_matrix/solution1/.autopilot/db "
@I [HLS-100] Command 'gen_tb_info' returned 0; elapsed 0.012Total elapsed time: 31.451 sec.
@I [HLS-100] Command "report -model matrix_multiply_top_matrix_multiply_alt2 -o C:/Users/vince/Desktop/Zynq_Stuff/Multiplication_Matrix/mul_matrix/solution1/syn/report/matrix_multiply_top_matrix_multiply_alt2_csynth.rpt -f "
@I [HLS-100] Command 'report' returned 0; elapsed 0.016Total elapsed time: 31.467 sec.
@I [HLS-100] Command "report -model matrix_multiply_top_matrix_multiply_alt2 -o C:/Users/vince/Desktop/Zynq_Stuff/Multiplication_Matrix/mul_matrix/solution1/syn/report/matrix_multiply_top_matrix_multiply_alt2_csynth.xml -f -x "
@I [HLS-100] Command 'report' returned 0; elapsed 0.012Total elapsed time: 31.479 sec.
@I [HLS-100] Command "report -model matrix_multiply_top_matrix_multiply_alt2 -o C:/Users/vince/Desktop/Zynq_Stuff/Multiplication_Matrix/mul_matrix/solution1/.autopilot/db/matrix_multiply_top_matrix_multiply_alt2.verbose.rpt -verbose -f "
@I [HLS-100] Command 'report' returned 0; elapsed 0.036Total elapsed time: 31.519 sec.
@I [HLS-100] Command "db_write -model matrix_multiply_top_matrix_multiply_alt2 -o C:/Users/vince/Desktop/Zynq_Stuff/Multiplication_Matrix/mul_matrix/solution1/.autopilot/db/matrix_multiply_top_matrix_multiply_alt2.adb -f "
@I [HLS-100] Command 'db_write' returned 0; elapsed 0.036Total elapsed time: 31.555 sec.
@I [HLS-10] ----------------------------------------------------------------
@0 [HLS-0] ----------------------------------------------------------------
@I [HLS-10] -- Generating RTL for module 'matrix_multiply_top' 
@0 [HLS-0] -- Generating RTL for module 'matrix_multiply_top' 
@I [HLS-10] ----------------------------------------------------------------
@0 [HLS-0] ----------------------------------------------------------------
@I [HLS-100] Command "create_rtl_model matrix_multiply_top -vendor xilinx -mg_file C:/Users/vince/Desktop/Zynq_Stuff/Multiplication_Matrix/mul_matrix/solution1/.autopilot/db/matrix_multiply_top.compgen.tcl "
@I [RTGEN-500] Setting interface mode on port 'matrix_multiply_top/A' to 'ap_memory'.
@I [RTGEN-500] Setting interface mode on port 'matrix_multiply_top/B' to 'ap_memory'.
@I [RTGEN-500] Setting interface mode on port 'matrix_multiply_top/C' to 'ap_memory'.
@I [RTGEN-500] Setting interface mode on function 'matrix_multiply_top' to 'ap_ctrl_hs'.
@I [RTGEN-100] Finished creating RTL model for 'matrix_multiply_top'.
@I [HLS-100] Command 'create_rtl_model' returned 0; elapsed 0.012Total elapsed time: 31.894 sec.
@I [HLS-111] Elapsed time: 0.56 seconds; current memory usage: 148 MB.
@I [HLS-100] Command "source C:/Users/vince/Desktop/Zynq_Stuff/Multiplication_Matrix/mul_matrix/solution1/.autopilot/db/matrix_multiply_top.rtl_wrap.cfg.tcl "
@I [HLS-100] Command 'ap_source' returned 0; elapsed 0Total elapsed time: 31.917 sec.
@I [HLS-100] Command "gen_rtl matrix_multiply_top -istop -style xilinx -tracefl mytrace -tracefmt vcd -traceopt all -f -lang sc -o C:/Users/vince/Desktop/Zynq_Stuff/Multiplication_Matrix/mul_matrix/solution1/syn/systemc/matrix_multiply_top -synmodules matrix_multiply_top_matrix_multiply_alt2 matrix_multiply_top "
@I [HLS-100] Command 'gen_rtl' returned 0; elapsed 0.012Total elapsed time: 31.929 sec.
@I [HLS-100] Command "gen_rtl matrix_multiply_top -istop -style xilinx -f -lang vhdl -o C:/Users/vince/Desktop/Zynq_Stuff/Multiplication_Matrix/mul_matrix/solution1/syn/vhdl/matrix_multiply_top "
@I [HLS-100] Command 'gen_rtl' returned 0; elapsed 0.016Total elapsed time: 31.945 sec.
@I [HLS-100] Command "gen_rtl matrix_multiply_top -istop -style xilinx -f -lang vlog -o C:/Users/vince/Desktop/Zynq_Stuff/Multiplication_Matrix/mul_matrix/solution1/syn/verilog/matrix_multiply_top "
@I [HLS-100] Command 'gen_rtl' returned 0; elapsed 0.008Total elapsed time: 31.953 sec.
@I [HLS-100] Command "export_constraint_db -o C:/Users/vince/Desktop/Zynq_Stuff/Multiplication_Matrix/mul_matrix/solution1/.autopilot/db/matrix_multiply_top.constraint.tcl -f -tool general "
@I [HLS-100] Command 'export_constraint_db' returned 0; elapsed 0.004Total elapsed time: 31.957 sec.
@I [HLS-100] Command "report -model matrix_multiply_top -o C:/Users/vince/Desktop/Zynq_Stuff/Multiplication_Matrix/mul_matrix/solution1/.autopilot/db/matrix_multiply_top.design.xml -verbose -f -dv "
@I [HLS-100] Command 'report' returned 0; elapsed 0.028Total elapsed time: 31.985 sec.
@I [HLS-100] Command "report -model matrix_multiply_top -o C:/Users/vince/Desktop/Zynq_Stuff/Multiplication_Matrix/mul_matrix/solution1/.autopilot/db/matrix_multiply_top.sdaccel.xml -verbose -f -sdaccel "
@I [HLS-100] Command 'report' returned 0; elapsed 0.018Total elapsed time: 32.2 sec.
@I [HLS-100] Command "gen_tb_info matrix_multiply_top -o C:/Users/vince/Desktop/Zynq_Stuff/Multiplication_Matrix/mul_matrix/solution1/.autopilot/db/matrix_multiply_top -p C:/Users/vince/Desktop/Zynq_Stuff/Multiplication_Matrix/mul_matrix/solution1/.autopilot/db "
@I [HLS-100] Command 'gen_tb_info' returned 0; elapsed 0.008Total elapsed time: 32.12 sec.
@I [HLS-100] Command "report -model matrix_multiply_top -o C:/Users/vince/Desktop/Zynq_Stuff/Multiplication_Matrix/mul_matrix/solution1/syn/report/matrix_multiply_top_csynth.rpt -f "
@I [HLS-100] Command 'report' returned 0; elapsed 0.012Total elapsed time: 32.28 sec.
@I [HLS-100] Command "report -model matrix_multiply_top -o C:/Users/vince/Desktop/Zynq_Stuff/Multiplication_Matrix/mul_matrix/solution1/syn/report/matrix_multiply_top_csynth.xml -f -x "
@I [HLS-100] Command 'report' returned 0; elapsed 0.008Total elapsed time: 32.36 sec.
@I [HLS-100] Command "report -model matrix_multiply_top -o C:/Users/vince/Desktop/Zynq_Stuff/Multiplication_Matrix/mul_matrix/solution1/.autopilot/db/matrix_multiply_top.verbose.rpt -verbose -f "
@I [HLS-100] Command 'report' returned 0; elapsed 0.04Total elapsed time: 32.77 sec.
@I [HLS-100] Command "db_write -model matrix_multiply_top -o C:/Users/vince/Desktop/Zynq_Stuff/Multiplication_Matrix/mul_matrix/solution1/.autopilot/db/matrix_multiply_top.adb -f "
@I [HLS-100] Command 'db_write' returned 0; elapsed 0.034Total elapsed time: 32.111 sec.
@I [HLS-100] Command "sc_get_clocks matrix_multiply_top "
@I [HLS-100] Command 'sc_get_clocks' returned 0; elapsed 0Total elapsed time: 32.237 sec.
@I [HLS-100] Command "sc_get_portdomain matrix_multiply_top "
@I [HLS-100] Command 'sc_get_portdomain' returned 0; elapsed 0Total elapsed time: 32.237 sec.
@I [HLS-0] Model list for RTL component generation: matrix_multiply_top_matrix_multiply_alt2 matrix_multiply_top
@I [HLS-0] Handling components in module [matrix_multiply_top_matrix_multiply_alt2] ... 
@I [HLS-100] Command "source C:/Users/vince/Desktop/Zynq_Stuff/Multiplication_Matrix/mul_matrix/solution1/.autopilot/db/matrix_multiply_top_matrix_multiply_alt2.compgen.tcl "
@I [HLS-0] Found component matrix_multiply_top_fadd_32ns_32ns_32_5_full_dsp.
@I [HLS-0] Append model matrix_multiply_top_fadd_32ns_32ns_32_5_full_dsp
@I [HLS-0] Found component matrix_multiply_top_fmul_32ns_32ns_32_4_max_dsp.
@I [HLS-0] Append model matrix_multiply_top_fmul_32ns_32ns_32_4_max_dsp
@I [HLS-0] Found component matrix_multiply_top_matrix_multiply_alt2_sum_mult.
@I [HLS-0] Append model matrix_multiply_top_matrix_multiply_alt2_sum_mult
@I [HLS-100] Command 'ap_source' returned 0; elapsed 0.045Total elapsed time: 32.356 sec.
@I [HLS-0] Handling components in module [matrix_multiply_top] ... 
@I [HLS-100] Command "source C:/Users/vince/Desktop/Zynq_Stuff/Multiplication_Matrix/mul_matrix/solution1/.autopilot/db/matrix_multiply_top.compgen.tcl "
@I [HLS-0] Found component matrix_multiply_top_a_i.
@I [HLS-0] Append model matrix_multiply_top_a_i
@I [HLS-100] Command 'ap_source' returned 0; elapsed 0.042Total elapsed time: 32.440 sec.
@I [HLS-0] Append model matrix_multiply_top_matrix_multiply_alt2
@I [HLS-0] Append model matrix_multiply_top
@I [HLS-0] Generating RTL model list ...
@I [HLS-0] All models in this session: matrix_multiply_top_fadd_32ns_32ns_32_5_full_dsp matrix_multiply_top_fmul_32ns_32ns_32_4_max_dsp matrix_multiply_top_matrix_multiply_alt2_sum_mult matrix_multiply_top_a_i matrix_multiply_top_matrix_multiply_alt2 matrix_multiply_top
@I [HLS-0] To file: write model matrix_multiply_top_fadd_32ns_32ns_32_5_full_dsp
@I [HLS-0] To file: write model matrix_multiply_top_fmul_32ns_32ns_32_4_max_dsp
@I [HLS-0] To file: write model matrix_multiply_top_matrix_multiply_alt2_sum_mult
@I [HLS-0] To file: write model matrix_multiply_top_a_i
@I [HLS-0] To file: write model matrix_multiply_top_matrix_multiply_alt2
@I [HLS-0] To file: write model matrix_multiply_top
@I [HLS-0] Finished generating RTL model list.


@I [HLS-0] RTL Generation done.
@I [HLS-0] CAS Generation done.
@I [HLS-0] CBC Generation done.
@I [HLS-100] Command "export_ssdm C:/Users/vince/Desktop/Zynq_Stuff/Multiplication_Matrix/mul_matrix/solution1/.autopilot/db/a.export.ll "
@I [HLS-100] Command 'export_ssdm' returned 0; elapsed 0.061Total elapsed time: 32.756 sec.
@I [HLS-100] Command "source C:/Users/vince/Desktop/Zynq_Stuff/Multiplication_Matrix/mul_matrix/solution1/.autopilot/db/global.setting.tcl "
@I [HLS-100] Command 'ap_source' returned 0; elapsed 0Total elapsed time: 32.760 sec.
@I [HLS-100] Command "source C:/Vivado/Vivado_HLS/2016.2/common/technology/generic/autopilot/common.gen "
@I [HLS-100] Command "source C:/Vivado/Vivado_HLS/2016.2/common/technology/generic/autopilot/APCoreGen.gen "
@I [HLS-100] Command 'ap_source' returned 0; elapsed 0Total elapsed time: 32.788 sec.
@I [HLS-100] Command 'ap_source' returned 0; elapsed 0Total elapsed time: 32.788 sec.
@I [HLS-100] Command "source C:/Vivado/Vivado_HLS/2016.2/common/technology/generic/autopilot/op.gen "
@I [HLS-100] Command 'ap_source' returned 0; elapsed 0Total elapsed time: 32.788 sec.
@I [HLS-100] Command "source C:/Vivado/Vivado_HLS/2016.2/common/technology/generic/autopilot/op_simcore.gen "
@I [HLS-100] Command 'ap_source' returned 0; elapsed 0Total elapsed time: 32.788 sec.
@I [HLS-100] Command "source C:/Vivado/Vivado_HLS/2016.2/common/technology/generic/autopilot/interface.gen "
@I [HLS-100] Command 'ap_source' returned 0; elapsed 0Total elapsed time: 32.792 sec.
@I [HLS-100] Command "source C:/Users/vince/Desktop/Zynq_Stuff/Multiplication_Matrix/mul_matrix/solution1/.autopilot/db/global.setting.tcl "
@I [HLS-100] Command 'ap_source' returned 0; elapsed 0Total elapsed time: 32.792 sec.
@I [HLS-100] Command "source C:/Vivado/Vivado_HLS/2016.2/common/technology/xilinx/zynq/zynq.gen "
@I [HLS-100] Command "source C:/Vivado/Vivado_HLS/2016.2/common/technology/xilinx/common/virtex.gen "
@I [HLS-100] Command "source C:/Vivado/Vivado_HLS/2016.2/common/technology/xilinx/common/xilinx.gen "
@I [HLS-100] Command "source C:/Vivado/Vivado_HLS/2016.2/common/technology/xilinx/interface/plb46.gen "
@I [HLS-100] Command 'ap_source' returned 0; elapsed 0Total elapsed time: 32.792 sec.
@I [HLS-100] Command "source C:/Vivado/Vivado_HLS/2016.2/common/technology/xilinx/interface/fsl.gen "
@I [HLS-100] Command 'ap_source' returned 0; elapsed 0Total elapsed time: 32.792 sec.
@I [HLS-100] Command "source C:/Vivado/Vivado_HLS/2016.2/common/technology/xilinx/interface/axi4.gen "
@I [HLS-100] Command 'ap_source' returned 0; elapsed 0.004Total elapsed time: 32.797 sec.
@I [HLS-100] Command "source C:/Vivado/Vivado_HLS/2016.2/common/technology/xilinx/interface/nativeAXI4.gen "
@I [HLS-100] Command "source C:/Vivado/Vivado_HLS/2016.2/common/technology/xilinx/interface/saxilite.gen "
@I [HLS-100] Command 'ap_source' returned 0; elapsed 0.005Total elapsed time: 32.802 sec.
@I [HLS-100] Command "source C:/Vivado/Vivado_HLS/2016.2/common/technology/xilinx/interface/maxi.gen "
@I [HLS-100] Command 'ap_source' returned 0; elapsed 0.007Total elapsed time: 32.809 sec.
@I [HLS-100] Command 'ap_source' returned 0; elapsed 0.013Total elapsed time: 32.810 sec.
@I [HLS-100] Command "source C:/Vivado/Vivado_HLS/2016.2/common/technology/xilinx/scripts/xilinxcoregen.gen "
@I [HLS-100] Command 'ap_source' returned 0; elapsed 0.007Total elapsed time: 32.817 sec.
@I [HLS-100] Command "source C:/Vivado/Vivado_HLS/2016.2/common/technology/xilinx/interface/XilEDKCoreGen.gen "
@I [HLS-100] Command 'ap_source' returned 0; elapsed 0.008Total elapsed time: 32.825 sec.
@I [HLS-100] Command "source C:/Vivado/Vivado_HLS/2016.2/common/technology/xilinx/ip/dds_compiler.gen "
@I [HLS-100] Command 'ap_source' returned 0; elapsed 0Total elapsed time: 32.825 sec.
@I [HLS-100] Command "source C:/Vivado/Vivado_HLS/2016.2/common/technology/xilinx/ip/util.gen "
@I [HLS-100] Command 'ap_source' returned 0; elapsed 0Total elapsed time: 32.829 sec.
@I [HLS-100] Command "source C:/Vivado/Vivado_HLS/2016.2/common/technology/xilinx/ip/xfft.gen "
@I [HLS-100] Command 'ap_source' returned 0; elapsed 0.087Total elapsed time: 32.916 sec.
@I [HLS-100] Command "source C:/Vivado/Vivado_HLS/2016.2/common/technology/xilinx/ip/xfir.gen "
@I [HLS-100] Command 'ap_source' returned 0; elapsed 0.001Total elapsed time: 32.917 sec.
@I [HLS-100] Command 'ap_source' returned 0; elapsed 0.125Total elapsed time: 32.917 sec.
@I [HLS-100] Command "source C:/Vivado/Vivado_HLS/2016.2/common/technology/xilinx/common/dsp48.gen "
@I [HLS-100] Command 'ap_source' returned 0; elapsed 0Total elapsed time: 32.919 sec.
@I [HLS-100] Command 'ap_source' returned 0; elapsed 0.127Total elapsed time: 32.919 sec.
@I [HLS-100] Command 'ap_source' returned 0; elapsed 0.127Total elapsed time: 32.920 sec.
@I [HLS-100] Command "source C:/Vivado/Vivado_HLS/2016.2/common/technology/xilinx/zynq/zynq_fpv6.gen "
@I [HLS-100] Command "source C:/Vivado/Vivado_HLS/2016.2/common/technology/xilinx/common/xilinx_fpv6.gen "
@I [HLS-100] Command 'ap_source' returned 0; elapsed 0.001Total elapsed time: 32.922 sec.
@I [HLS-100] Command 'ap_source' returned 0; elapsed 0.002Total elapsed time: 32.922 sec.
@I [HLS-100] Command "source C:/Users/vince/Desktop/Zynq_Stuff/Multiplication_Matrix/mul_matrix/solution1/.autopilot/db/global.setting.tcl "
@I [HLS-100] Command 'ap_source' returned 0; elapsed 0.001Total elapsed time: 32.991 sec.
@I [HLS-100] Command "source C:/Users/vince/Desktop/Zynq_Stuff/Multiplication_Matrix/mul_matrix/solution1/.autopilot/db/global.setting.tcl "
@I [HLS-100] Command 'ap_source' returned 0; elapsed 0Total elapsed time: 32.992 sec.
@I [HLS-100] Command "source C:/Users/vince/Desktop/Zynq_Stuff/Multiplication_Matrix/mul_matrix/solution1/.autopilot/db/global.setting.tcl "
@I [HLS-100] Command 'ap_source' returned 0; elapsed 0.001Total elapsed time: 32.993 sec.
@I [HLS-100] Command "source C:/Users/vince/Desktop/Zynq_Stuff/Multiplication_Matrix/mul_matrix/solution1/.autopilot/db/global.setting.tcl "
@I [HLS-100] Command 'ap_source' returned 0; elapsed 0.001Total elapsed time: 32.994 sec.
@I [HLS-100] Command "source C:/Users/vince/Desktop/Zynq_Stuff/Multiplication_Matrix/mul_matrix/solution1/.autopilot/db/matrix_multiply_top_matrix_multiply_alt2.compgen.tcl "
@I [RTMG-278] Implementing memory 'matrix_multiply_top_matrix_multiply_alt2_sum_mult_ram' using distributed RAMs.
@I [HLS-100] Command 'ap_source' returned 0; elapsed 0.202Total elapsed time: 33.198 sec.
@I [HLS-100] Command "source C:/Users/vince/Desktop/Zynq_Stuff/Multiplication_Matrix/mul_matrix/solution1/.autopilot/db/matrix_multiply_top.compgen.tcl "
@I [RTMG-278] Implementing memory 'matrix_multiply_top_a_i_ram' using distributed RAMs.
@I [HLS-100] Command 'ap_source' returned 0; elapsed 0.031Total elapsed time: 33.229 sec.
@I [HLS-10] Finished generating all RTL models.
@0 [HLS-0] Finished generating all RTL models.
@I [SYSC-301] Generating SystemC RTL for matrix_multiply_top.
@I [VHDL-304] Generating VHDL RTL for matrix_multiply_top.
@I [VLOG-307] Generating Verilog RTL for matrix_multiply_top.
@I [HLS-100] Command 'autosyn' returned 0; elapsed 2.725Total elapsed time: 33.310 sec.
@I [HLS-100] Command 'csynth_design' returned 0; elapsed 32.304Total elapsed time: 33.314 sec.
@I [HLS-100] Command 'ap_source' returned 0; elapsed 32.773Total elapsed time: 33.314 sec.
@I [HLS-100] Command "cleanup_all "
@I [HLS-100] Command 'cleanup_all' returned 0; elapsed 0.006Total elapsed time: 33.321 sec.
